<?xml version="1.0" encoding="UTF-8"?>
<!-- Generated by org.testng.reporters.JUnitXMLReporter -->
<testsuite ignored="0" hostname="DESKTOP-RQVJNMI" failures="0" tests="3" name="Default test" time="44.263" errors="0" timestamp="2024-01-18T18:45:35 IST">
  <testcase classname="com.amazon.Add_To_Cart" name="Login" time="19.349"/>
  <testcase classname="com.amazon.Add_To_Cart" name="Add_To_Cart" time="16.757"/>
  <testcase classname="com.amazon.Add_To_Cart" name="close" time="0.658"/>
</testsuite> <!-- Default test -->
